 ------------------------------------------------------------
   Title           Frames            Mean              SD
 ------------------------------------------------------------
 Complex:
   Elec:              250      -5668.5069         75.2877
   Vdw:               250       -676.2965         24.9844
   PB:                250      -3061.3108         75.8907
   SA:                250         51.5251          1.2456
   Gas:               250      -6344.8034         83.5178
   Sol:               250      -3009.7857         75.0479
   Pol:               250      -8729.8177         26.9585
   Npol:              250       -624.7714         25.7637
   Total:             250      -9354.5891         28.3474
 ------------------------------------------------------------
 Receptor:
   Elec:              250      -5647.5244         74.7962
   Vdw:               250       -663.5096         24.2862
   PB:                250      -3067.6055         75.3819
   SA:                250         52.0128          1.3044
   Gas:               250      -6311.0340         82.2666
   Sol:               250      -3015.5927         74.5095
   Pol:               250      -8715.1299         26.4074
   Npol:              250       -611.4968         25.0927
   Total:             250      -9326.6267         27.7653
 ------------------------------------------------------------
 Ligand:
   Elec:              250         -8.1054          2.6836
   Vdw:               250          3.9907          0.6142
   PB:                250        -20.0132          1.6349
   SA:                250          2.2760          0.0242
   Gas:               250         -4.1148          2.5497
   Sol:               250        -17.7372          1.6392
   Pol:               250        -28.1186          1.2490
   Npol:              250          6.2666          0.6131
   Total:             250        -21.8520          1.2021
 ------------------------------------------------------------
 Delta:
   Elec:              250        -12.8771          5.8781
   Vdw:               250        -16.7776          2.4069
   PB:                250         26.3078          3.3129
   SA:                250         -2.7636          0.0924
   Gas:               250        -29.6547          5.0248
   Sol:               250         23.5442          3.3269
   Pol:               250         13.4307          3.3581
   Npol:              250        -19.5412          2.3773
   Total:             250         -6.1105          2.5155
 ------------------------------------------------------------
 * All energy values are in kcal/mol
